<?xml version="1.0" encoding="UTF-8"?>
<!-- Generated by org.testng.reporters.JUnitReportReporter -->
<testsuite hostname="DESKTOP-OIQ7T6S" failures="1" tests="2" name="cucumberOptions.TestNGTestRunner" time="48.840" errors="0" timestamp="2023-05-04T21:41:11 IST" skipped="0">
  <testcase classname="cucumberOptions.TestNGTestRunner" name="runScenario" time="21.302">
    <failure message="expected [No data] but found [Beetroot]" type="java.lang.AssertionError">
      <![CDATA[java.lang.AssertionError: expected [No data] but found [Beetroot]
at org.testng.Assert.fail(Assert.java:110)
at org.testng.Assert.failNotEquals(Assert.java:1413)
at org.testng.Assert.assertEqualsImpl(Assert.java:149)
at org.testng.Assert.assertEquals(Assert.java:131)
at org.testng.Assert.assertEquals(Assert.java:655)
at org.testng.Assert.assertEquals(Assert.java:665)
at stepDefinitions.offerPageStepdefinition.VerifyOfferPageProductMatchedwithlandingpage(offerPageStepdefinition.java:36)
at âœ½.Verify offer page product name matched with Landing page(file:///C:/Users/dell/workspace/MavenSeleniumCucumber/src/test/java/features/searchProduct.feature:16)
]]>
    </failure>
  </testcase> <!-- runScenario -->
  <system-out/>
  <testcase classname="cucumberOptions.TestNGTestRunner" name="runScenario" time="27.538"/>
  <system-out/>
</testsuite> <!-- cucumberOptions.TestNGTestRunner -->
